c:\users\david\documents\github\desarrollo\grafico\principiosdecg\circle\x64\debug\vc141.pdb
c:\users\david\documents\github\desarrollo\grafico\principiosdecg\circle\x64\debug\vc141.idb
c:\users\david\documents\github\desarrollo\grafico\principiosdecg\circle\x64\debug\application.obj
c:\users\david\documents\github\desarrollo\grafico\principiosdecg\circle\x64\debug\pixel.obj
c:\users\david\documents\github\desarrollo\grafico\principiosdecg\circle\x64\debug\plane.obj
c:\users\david\documents\github\desarrollo\grafico\principiosdecg\circle\x64\debug\shaderfuncs.obj
c:\users\emi_s_000\desktop\desarrollo\grafico\principiosdecg\circle\x64\debug\application.obj
c:\users\emi_s_000\desktop\desarrollo\grafico\principiosdecg\circle\x64\debug\pixel.obj
c:\users\emi_s_000\desktop\desarrollo\grafico\principiosdecg\circle\x64\debug\plane.obj
c:\users\emi_s_000\desktop\desarrollo\grafico\principiosdecg\circle\x64\debug\shaderfuncs.obj
c:\users\emi_s_000\desktop\desarrollo\grafico\principiosdecg\circle\x64\debug\vc141.idb
c:\users\emi_s_000\desktop\desarrollo\grafico\principiosdecg\circle\x64\debug\vc141.pdb
c:\users\emi_s_000\desktop\desarrollo\grafico\principiosdecg\x64\debug\circle.pdb
c:\users\emi_s_000\desktop\desarrollo\grafico\principiosdecg\circle\x64\debug\circle.tlog\cl.command.1.tlog
c:\users\emi_s_000\desktop\desarrollo\grafico\principiosdecg\circle\x64\debug\circle.tlog\cl.read.1.tlog
c:\users\emi_s_000\desktop\desarrollo\grafico\principiosdecg\circle\x64\debug\circle.tlog\cl.write.1.tlog
c:\users\emi_s_000\desktop\desarrollo\grafico\principiosdecg\circle\x64\debug\circle.tlog\link-cvtres.read.1.tlog
c:\users\emi_s_000\desktop\desarrollo\grafico\principiosdecg\circle\x64\debug\circle.tlog\link-cvtres.write.1.tlog
c:\users\emi_s_000\desktop\desarrollo\grafico\principiosdecg\circle\x64\debug\circle.tlog\link-rc.read.1.tlog
c:\users\emi_s_000\desktop\desarrollo\grafico\principiosdecg\circle\x64\debug\circle.tlog\link-rc.write.1.tlog
c:\users\emi_s_000\desktop\desarrollo\grafico\principiosdecg\circle\x64\debug\circle.tlog\link.command.1.tlog
c:\users\emi_s_000\desktop\desarrollo\grafico\principiosdecg\circle\x64\debug\circle.tlog\link.read.1.tlog
c:\users\emi_s_000\desktop\desarrollo\grafico\principiosdecg\circle\x64\debug\circle.tlog\link.write.1.tlog
