c:\users\david\google drive\desarrollo\grafico\principiosdecg\midpointline\x64\debug\vc141.pdb
c:\users\david\google drive\desarrollo\grafico\principiosdecg\midpointline\x64\debug\vc141.idb
c:\users\david\google drive\desarrollo\grafico\principiosdecg\midpointline\x64\debug\application.obj
c:\users\david\google drive\desarrollo\grafico\principiosdecg\midpointline\x64\debug\pixel.obj
c:\users\david\google drive\desarrollo\grafico\principiosdecg\midpointline\x64\debug\plane.obj
c:\users\david\google drive\desarrollo\grafico\principiosdecg\midpointline\x64\debug\shaderfuncs.obj
c:\users\david\google drive\desarrollo\grafico\principiosdecg\midpointline\x64\debug\midpointline.obj
c:\users\david\documents\github\desarrollo\grafico\principiosdecg\midpointline\x64\debug\vc141.pdb
c:\users\david\documents\github\desarrollo\grafico\principiosdecg\midpointline\x64\debug\vc141.idb
c:\users\david\documents\github\desarrollo\grafico\principiosdecg\midpointline\x64\debug\midpointline.obj
c:\users\david\documents\github\desarrollo\grafico\principiosdecg\midpointline\x64\debug\application.obj
c:\users\david\documents\github\desarrollo\grafico\principiosdecg\midpointline\x64\debug\pixel.obj
c:\users\david\documents\github\desarrollo\grafico\principiosdecg\midpointline\x64\debug\plane.obj
c:\users\david\documents\github\desarrollo\grafico\principiosdecg\midpointline\x64\debug\shaderfuncs.obj
c:\users\david\google drive\desarrollo\grafico\principiosdecg\x64\debug\midpointline.ilk
c:\users\david\google drive\desarrollo\grafico\principiosdecg\x64\debug\midpointline.exe
c:\users\david\google drive\desarrollo\grafico\principiosdecg\x64\debug\midpointline.pdb
c:\users\david\documents\github\desarrollo\grafico\principiosdecg\x64\debug\midpointline.ilk
c:\users\david\documents\github\desarrollo\grafico\principiosdecg\x64\debug\midpointline.exe
c:\users\david\documents\github\desarrollo\grafico\principiosdecg\x64\debug\midpointline.pdb
c:\users\emi_s_000\desktop\desarrollo\grafico\principiosdecg\midpointline\x64\debug\application.obj
c:\users\emi_s_000\desktop\desarrollo\grafico\principiosdecg\midpointline\x64\debug\midpointline.obj
c:\users\emi_s_000\desktop\desarrollo\grafico\principiosdecg\midpointline\x64\debug\pixel.obj
c:\users\emi_s_000\desktop\desarrollo\grafico\principiosdecg\midpointline\x64\debug\plane.obj
c:\users\emi_s_000\desktop\desarrollo\grafico\principiosdecg\midpointline\x64\debug\shaderfuncs.obj
c:\users\emi_s_000\desktop\desarrollo\grafico\principiosdecg\midpointline\x64\debug\vc141.idb
c:\users\emi_s_000\desktop\desarrollo\grafico\principiosdecg\midpointline\x64\debug\vc141.pdb
c:\users\emi_s_000\desktop\desarrollo\grafico\principiosdecg\x64\debug\midpointline.pdb
c:\users\emi_s_000\desktop\desarrollo\grafico\principiosdecg\x64\debug\midpointline.exe
c:\users\emi_s_000\desktop\desarrollo\grafico\principiosdecg\x64\debug\midpointline.ilk
c:\users\emi_s_000\desktop\desarrollo\grafico\principiosdecg\midpointline\x64\debug\midpointline.tlog\cl.command.1.tlog
c:\users\emi_s_000\desktop\desarrollo\grafico\principiosdecg\midpointline\x64\debug\midpointline.tlog\cl.read.1.tlog
c:\users\emi_s_000\desktop\desarrollo\grafico\principiosdecg\midpointline\x64\debug\midpointline.tlog\cl.write.1.tlog
c:\users\emi_s_000\desktop\desarrollo\grafico\principiosdecg\midpointline\x64\debug\midpointline.tlog\link.command.1.tlog
c:\users\emi_s_000\desktop\desarrollo\grafico\principiosdecg\midpointline\x64\debug\midpointline.tlog\link.read.1.tlog
c:\users\emi_s_000\desktop\desarrollo\grafico\principiosdecg\midpointline\x64\debug\midpointline.tlog\link.write.1.tlog
